[INFO] Disabling enhanced local repository: using legacy is strongly discouraged to ensure build reproducibility.
[INFO] Scanning for projects...
[INFO] 
[INFO] --< org.example.project_aprehendidosdwh.job:Job_Actualizar_fact_dia >---
[INFO] Building PROJECT_APREHENDIDOSDWH Job_Actualizar_fact_dia-0.1.0 (0.1,Job Designs) 0.1.0
[INFO] --------------------------------[ jar ]---------------------------------
[WARNING] The POM for commons-collections:commons-collections:jar:3.2.2 is missing, no dependency information available
[WARNING] The POM for org.dom4j:dom4j:jar:2.1.1 is missing, no dependency information available
[WARNING] The POM for org.apache.logging.log4j:log4j-api:jar:2.12.1 is missing, no dependency information available
[WARNING] The POM for org.apache.logging.log4j:log4j-core:jar:2.12.1 is missing, no dependency information available
[WARNING] The POM for org.apache.logging.log4j:log4j-slf4j-impl:jar:2.12.1 is missing, no dependency information available
[INFO] 
[INFO] --- maven-resources-plugin:3.0.2:resources (default-resources) @ Job_Actualizar_fact_dia ---
[WARNING] Using platform encoding (UTF-8 actually) to copy filtered resources, i.e. build is platform dependent!
[INFO] Copying 1 resource
[INFO] 
[INFO] --- maven-compiler-plugin:3.6.1:compile (default-compile) @ Job_Actualizar_fact_dia ---
[WARNING] The POM for org.eclipse.platform:org.eclipse.osgi:jar:3.13.300 is missing, no dependency information available
[WARNING] The POM for org.apache.commons:commons-exec:jar:1.2 is missing, no dependency information available
[INFO] Not compiling main sources
[INFO] 
[INFO] --- maven-resources-plugin:3.0.2:testResources (default-testResources) @ Job_Actualizar_fact_dia ---
[INFO] Not copying test resources
[INFO] 
[INFO] --- maven-compiler-plugin:3.6.1:testCompile (default-testCompile) @ Job_Actualizar_fact_dia ---
[INFO] Not compiling test sources
[INFO] 
[INFO] --- maven-surefire-plugin:2.20:test (default-test) @ Job_Actualizar_fact_dia ---
[INFO] Tests are skipped.
[INFO] 
[INFO] --- maven-jar-plugin:3.0.2:jar (default-jar) @ Job_Actualizar_fact_dia ---
[INFO] Building jar: C:\Program Files\TOS_BD-20200219_1130-V7.3.1\workspace\PROJECT_APREHENDIDOSDWH\poms\jobs\process\job_actualizar_fact_dia_0.1\target\job_actualizar_fact_dia_0_1.jar
[INFO] 
[INFO] --- maven-assembly-plugin:3.0.0:single (default) @ Job_Actualizar_fact_dia ---
[INFO] Reading assembly descriptor: C:\Program Files\TOS_BD-20200219_1130-V7.3.1\workspace\PROJECT_APREHENDIDOSDWH\poms\jobs\process\job_actualizar_fact_dia_0.1/src/main/assemblies/assembly.xml
[WARNING] Missing POM for commons-collections:commons-collections:jar:3.2.2
[WARNING] Missing POM for org.dom4j:dom4j:jar:2.1.1
[WARNING] Missing POM for org.apache.logging.log4j:log4j-api:jar:2.12.1
[WARNING] Missing POM for org.apache.logging.log4j:log4j-core:jar:2.12.1
[WARNING] Missing POM for org.apache.logging.log4j:log4j-slf4j-impl:jar:2.12.1
[INFO] Building zip: C:\Program Files\TOS_BD-20200219_1130-V7.3.1\workspace\PROJECT_APREHENDIDOSDWH\poms\jobs\process\job_actualizar_fact_dia_0.1\target\job_actualizar_fact_dia_0_1.zip
[INFO] ------------------------------------------------------------------------
[INFO] BUILD SUCCESS
[INFO] ------------------------------------------------------------------------
[INFO] Total time: 3.468 s
[INFO] Finished at: 2021-11-21T01:55:14-05:00
[INFO] ------------------------------------------------------------------------
